<?xml version="1.0" encoding="UTF-8"?>
<coverage generated="1601836890699" clover="3.2.0">
  <project timestamp="1601836890699" name="All files">
    <metrics statements="51" coveredstatements="51" conditionals="28" coveredconditionals="27" methods="15" coveredmethods="15" elements="94" coveredelements="93" complexity="0" loc="51" ncloc="51" packages="1" files="3" classes="3"/>
    <file name="battle.js" path="/home/galeanojhoel/_projects/_crescer/jhoel.bagnasco/javascript/tcc/src/battle.js">
      <metrics statements="41" coveredstatements="41" conditionals="22" coveredconditionals="21" methods="9" coveredmethods="9"/>
      <line num="7" count="5" type="stmt"/>
      <line num="8" count="12" type="stmt"/>
      <line num="9" count="12" type="stmt"/>
      <line num="10" count="12" type="stmt"/>
      <line num="12" count="12" type="cond" truecount="2" falsecount="0"/>
      <line num="15" count="5" type="stmt"/>
      <line num="16" count="12" type="stmt"/>
      <line num="17" count="12" type="stmt"/>
      <line num="18" count="12" type="stmt"/>
      <line num="20" count="12" type="cond" truecount="2" falsecount="0"/>
      <line num="23" count="5" type="stmt"/>
      <line num="24" count="12" type="stmt"/>
      <line num="25" count="12" type="stmt"/>
      <line num="26" count="12" type="stmt"/>
      <line num="28" count="12" type="stmt"/>
      <line num="31" count="5" type="stmt"/>
      <line num="32" count="12" type="stmt"/>
      <line num="33" count="12" type="stmt"/>
      <line num="34" count="12" type="stmt"/>
      <line num="36" count="12" type="stmt"/>
      <line num="44" count="5" type="stmt"/>
      <line num="45" count="17" type="stmt"/>
      <line num="47" count="5" type="stmt"/>
      <line num="48" count="6" type="cond" truecount="2" falsecount="0"/>
      <line num="50" count="5" type="stmt"/>
      <line num="51" count="6" type="cond" truecount="1" falsecount="1"/>
      <line num="53" count="6" type="stmt"/>
      <line num="55" count="6" type="stmt"/>
      <line num="61" count="20" type="stmt"/>
      <line num="63" count="5" type="stmt"/>
      <line num="64" count="6" type="stmt"/>
      <line num="65" count="6" type="stmt"/>
      <line num="67" count="6" type="cond" truecount="2" falsecount="0"/>
      <line num="68" count="5" type="cond" truecount="2" falsecount="0"/>
      <line num="69" count="4" type="cond" truecount="2" falsecount="0"/>
      <line num="71" count="3" type="stmt"/>
      <line num="73" count="3" type="cond" truecount="2" falsecount="0"/>
      <line num="74" count="6" type="cond" truecount="2" falsecount="0"/>
      <line num="75" count="2" type="stmt"/>
      <line num="77" count="6" type="stmt"/>
      <line num="80" count="3" type="cond" truecount="2" falsecount="0"/>
    </file>
    <file name="index.js" path="/home/galeanojhoel/_projects/_crescer/jhoel.bagnasco/javascript/tcc/src/index.js">
      <metrics statements="0" coveredstatements="0" conditionals="0" coveredconditionals="0" methods="0" coveredmethods="0"/>
    </file>
    <file name="item.js" path="/home/galeanojhoel/_projects/_crescer/jhoel.bagnasco/javascript/tcc/src/item.js">
      <metrics statements="10" coveredstatements="10" conditionals="6" coveredconditionals="6" methods="6" coveredmethods="6"/>
      <line num="1" count="5" type="stmt"/>
      <line num="7" count="5" type="stmt"/>
      <line num="8" count="13" type="stmt"/>
      <line num="10" count="6" type="cond" truecount="2" falsecount="0"/>
      <line num="14" count="5" type="stmt"/>
      <line num="15" count="13" type="stmt"/>
      <line num="17" count="6" type="cond" truecount="2" falsecount="0"/>
      <line num="21" count="5" type="stmt"/>
      <line num="22" count="13" type="stmt"/>
      <line num="24" count="6" type="cond" truecount="2" falsecount="0"/>
    </file>
  </project>
</coverage>
