{"/home/galeanojhoel/_projects/_crescer/jhoel.bagnasco/javascript/tcc/src/battle.js": {"path":"/home/galeanojhoel/_projects/_crescer/jhoel.bagnasco/javascript/tcc/src/battle.js","statementMap":{"0":{"start":{"line":7,"column":25},"end":{"line":13,"column":1}},"1":{"start":{"line":8,"column":30},"end":{"line":8,"column":39}},"2":{"start":{"line":9,"column":23},"end":{"line":9,"column":27}},"3":{"start":{"line":10,"column":24},"end":{"line":10,"column":55}},"4":{"start":{"line":12,"column":2},"end":{"line":12,"column":53}},"5":{"start":{"line":15,"column":29},"end":{"line":21,"column":1}},"6":{"start":{"line":16,"column":34},"end":{"line":16,"column":43}},"7":{"start":{"line":17,"column":27},"end":{"line":17,"column":31}},"8":{"start":{"line":18,"column":28},"end":{"line":18,"column":63}},"9":{"start":{"line":20,"column":2},"end":{"line":20,"column":65}},"10":{"start":{"line":23,"column":27},"end":{"line":29,"column":1}},"11":{"start":{"line":24,"column":19},"end":{"line":24,"column":28}},"12":{"start":{"line":25,"column":25},"end":{"line":25,"column":29}},"13":{"start":{"line":26,"column":26},"end":{"line":26,"column":59}},"14":{"start":{"line":28,"column":2},"end":{"line":28,"column":38}},"15":{"start":{"line":31,"column":25},"end":{"line":42,"column":1}},"16":{"start":{"line":32,"column":15},"end":{"line":32,"column":42}},"17":{"start":{"line":33,"column":19},"end":{"line":33,"column":50}},"18":{"start":{"line":34,"column":17},"end":{"line":34,"column":46}},"19":{"start":{"line":36,"column":2},"end":{"line":41,"column":4}},"20":{"start":{"line":44,"column":23},"end":{"line":45,"column":37}},"21":{"start":{"line":45,"column":2},"end":{"line":45,"column":37}},"22":{"start":{"line":47,"column":13},"end":{"line":48,"column":76}},"23":{"start":{"line":48,"column":2},"end":{"line":48,"column":76}},"24":{"start":{"line":50,"column":20},"end":{"line":59,"column":1}},"25":{"start":{"line":51,"column":2},"end":{"line":51,"column":56}},"26":{"start":{"line":51,"column":42},"end":{"line":51,"column":56}},"27":{"start":{"line":53,"column":17},"end":{"line":53,"column":50}},"28":{"start":{"line":55,"column":2},"end":{"line":58,"column":4}},"29":{"start":{"line":61,"column":16},"end":{"line":61,"column":38}},"30":{"start":{"line":61,"column":30},"end":{"line":61,"column":38}},"31":{"start":{"line":63,"column":29},"end":{"line":81,"column":1}},"32":{"start":{"line":64,"column":17},"end":{"line":64,"column":52}},"33":{"start":{"line":65,"column":17},"end":{"line":65,"column":52}},"34":{"start":{"line":67,"column":2},"end":{"line":67,"column":44}},"35":{"start":{"line":67,"column":32},"end":{"line":67,"column":44}},"36":{"start":{"line":68,"column":2},"end":{"line":68,"column":68}},"37":{"start":{"line":68,"column":43},"end":{"line":68,"column":68}},"38":{"start":{"line":69,"column":2},"end":{"line":69,"column":68}},"39":{"start":{"line":69,"column":43},"end":{"line":69,"column":68}},"40":{"start":{"line":71,"column":21},"end":{"line":71,"column":25}},"41":{"start":{"line":73,"column":2},"end":{"line":78,"column":3}},"42":{"start":{"line":74,"column":4},"end":{"line":75,"column":52}},"43":{"start":{"line":74,"column":22},"end":{"line":74,"column":65}},"44":{"start":{"line":75,"column":9},"end":{"line":75,"column":52}},"45":{"start":{"line":77,"column":4},"end":{"line":77,"column":33}},"46":{"start":{"line":80,"column":2},"end":{"line":80,"column":67}}},"fnMap":{"0":{"name":"(anonymous_0)","decl":{"start":{"line":7,"column":25},"end":{"line":7,"column":26}},"loc":{"start":{"line":7,"column":40},"end":{"line":13,"column":1}},"line":7},"1":{"name":"(anonymous_1)","decl":{"start":{"line":15,"column":29},"end":{"line":15,"column":30}},"loc":{"start":{"line":15,"column":44},"end":{"line":21,"column":1}},"line":15},"2":{"name":"(anonymous_2)","decl":{"start":{"line":23,"column":27},"end":{"line":23,"column":28}},"loc":{"start":{"line":23,"column":42},"end":{"line":29,"column":1}},"line":23},"3":{"name":"(anonymous_3)","decl":{"start":{"line":31,"column":25},"end":{"line":31,"column":26}},"loc":{"start":{"line":31,"column":40},"end":{"line":42,"column":1}},"line":31},"4":{"name":"(anonymous_4)","decl":{"start":{"line":44,"column":23},"end":{"line":44,"column":24}},"loc":{"start":{"line":45,"column":2},"end":{"line":45,"column":37}},"line":45},"5":{"name":"(anonymous_5)","decl":{"start":{"line":47,"column":13},"end":{"line":47,"column":14}},"loc":{"start":{"line":48,"column":2},"end":{"line":48,"column":76}},"line":48},"6":{"name":"(anonymous_6)","decl":{"start":{"line":50,"column":20},"end":{"line":50,"column":21}},"loc":{"start":{"line":50,"column":42},"end":{"line":59,"column":1}},"line":50},"7":{"name":"(anonymous_7)","decl":{"start":{"line":61,"column":16},"end":{"line":61,"column":17}},"loc":{"start":{"line":61,"column":30},"end":{"line":61,"column":38}},"line":61},"8":{"name":"(anonymous_8)","decl":{"start":{"line":63,"column":29},"end":{"line":63,"column":30}},"loc":{"start":{"line":63,"column":71},"end":{"line":81,"column":1}},"line":63}},"branchMap":{"0":{"loc":{"start":{"line":12,"column":21},"end":{"line":12,"column":35}},"type":"binary-expr","locations":[{"start":{"line":12,"column":21},"end":{"line":12,"column":30}},{"start":{"line":12,"column":34},"end":{"line":12,"column":35}}],"line":12},"1":{"loc":{"start":{"line":20,"column":25},"end":{"line":20,"column":43}},"type":"binary-expr","locations":[{"start":{"line":20,"column":25},"end":{"line":20,"column":38}},{"start":{"line":20,"column":42},"end":{"line":20,"column":43}}],"line":20},"2":{"loc":{"start":{"line":48,"column":2},"end":{"line":48,"column":76}},"type":"binary-expr","locations":[{"start":{"line":48,"column":2},"end":{"line":48,"column":37}},{"start":{"line":48,"column":41},"end":{"line":48,"column":76}}],"line":48},"3":{"loc":{"start":{"line":51,"column":2},"end":{"line":51,"column":56}},"type":"if","locations":[{"start":{"line":51,"column":2},"end":{"line":51,"column":56}},{"start":{"line":51,"column":2},"end":{"line":51,"column":56}}],"line":51},"4":{"loc":{"start":{"line":57,"column":10},"end":{"line":57,"column":58}},"type":"cond-expr","locations":[{"start":{"line":57,"column":34},"end":{"line":57,"column":54}},{"start":{"line":57,"column":57},"end":{"line":57,"column":58}}],"line":57},"5":{"loc":{"start":{"line":67,"column":2},"end":{"line":67,"column":44}},"type":"if","locations":[{"start":{"line":67,"column":2},"end":{"line":67,"column":44}},{"start":{"line":67,"column":2},"end":{"line":67,"column":44}}],"line":67},"6":{"loc":{"start":{"line":68,"column":2},"end":{"line":68,"column":68}},"type":"if","locations":[{"start":{"line":68,"column":2},"end":{"line":68,"column":68}},{"start":{"line":68,"column":2},"end":{"line":68,"column":68}}],"line":68},"7":{"loc":{"start":{"line":69,"column":2},"end":{"line":69,"column":68}},"type":"if","locations":[{"start":{"line":69,"column":2},"end":{"line":69,"column":68}},{"start":{"line":69,"column":2},"end":{"line":69,"column":68}}],"line":69},"8":{"loc":{"start":{"line":73,"column":9},"end":{"line":73,"column":47}},"type":"binary-expr","locations":[{"start":{"line":73,"column":9},"end":{"line":73,"column":26}},{"start":{"line":73,"column":30},"end":{"line":73,"column":47}}],"line":73},"9":{"loc":{"start":{"line":74,"column":4},"end":{"line":75,"column":52}},"type":"if","locations":[{"start":{"line":74,"column":4},"end":{"line":75,"column":52}},{"start":{"line":74,"column":4},"end":{"line":75,"column":52}}],"line":74},"10":{"loc":{"start":{"line":80,"column":9},"end":{"line":80,"column":66}},"type":"cond-expr","locations":[{"start":{"line":80,"column":29},"end":{"line":80,"column":46}},{"start":{"line":80,"column":49},"end":{"line":80,"column":66}}],"line":80}},"s":{"0":5,"1":12,"2":12,"3":12,"4":12,"5":5,"6":12,"7":12,"8":12,"9":12,"10":5,"11":12,"12":12,"13":12,"14":12,"15":5,"16":12,"17":12,"18":12,"19":12,"20":5,"21":17,"22":5,"23":6,"24":5,"25":6,"26":0,"27":6,"28":6,"29":5,"30":20,"31":5,"32":6,"33":6,"34":6,"35":1,"36":5,"37":1,"38":4,"39":1,"40":3,"41":3,"42":6,"43":4,"44":2,"45":6,"46":3},"f":{"0":12,"1":12,"2":12,"3":12,"4":17,"5":6,"6":6,"7":20,"8":6},"b":{"0":[12,12],"1":[12,12],"2":[6,2],"3":[0,6],"4":[5,1],"5":[1,5],"6":[1,4],"7":[1,3],"8":[9,8],"9":[4,2],"10":[2,1]},"_coverageSchema":"1a1c01bbd47fc00a2c39e90264f33305004495a9","hash":"c99fb3db2e69bf63d10a1e9e0e1d42747f37e254"}
,"/home/galeanojhoel/_projects/_crescer/jhoel.bagnasco/javascript/tcc/src/index.js": {"path":"/home/galeanojhoel/_projects/_crescer/jhoel.bagnasco/javascript/tcc/src/index.js","statementMap":{},"fnMap":{},"branchMap":{},"s":{},"f":{},"b":{},"_coverageSchema":"1a1c01bbd47fc00a2c39e90264f33305004495a9","hash":"7a730d0eb7d0beeedf2a7e0c4287143fb241e92c"}
,"/home/galeanojhoel/_projects/_crescer/jhoel.bagnasco/javascript/tcc/src/item.js": {"path":"/home/galeanojhoel/_projects/_crescer/jhoel.bagnasco/javascript/tcc/src/item.js","statementMap":{"0":{"start":{"line":1,"column":22},"end":{"line":5,"column":1}},"1":{"start":{"line":7,"column":36},"end":{"line":12,"column":3}},"2":{"start":{"line":8,"column":2},"end":{"line":12,"column":3}},"3":{"start":{"line":10,"column":6},"end":{"line":10,"column":61}},"4":{"start":{"line":14,"column":40},"end":{"line":19,"column":3}},"5":{"start":{"line":15,"column":2},"end":{"line":19,"column":3}},"6":{"start":{"line":17,"column":6},"end":{"line":17,"column":73}},"7":{"start":{"line":21,"column":38},"end":{"line":26,"column":3}},"8":{"start":{"line":22,"column":2},"end":{"line":26,"column":3}},"9":{"start":{"line":24,"column":6},"end":{"line":24,"column":67}}},"fnMap":{"0":{"name":"(anonymous_0)","decl":{"start":{"line":7,"column":36},"end":{"line":7,"column":37}},"loc":{"start":{"line":8,"column":2},"end":{"line":12,"column":3}},"line":8},"1":{"name":"(anonymous_1)","decl":{"start":{"line":9,"column":4},"end":{"line":9,"column":5}},"loc":{"start":{"line":10,"column":6},"end":{"line":10,"column":61}},"line":10},"2":{"name":"(anonymous_2)","decl":{"start":{"line":14,"column":40},"end":{"line":14,"column":41}},"loc":{"start":{"line":15,"column":2},"end":{"line":19,"column":3}},"line":15},"3":{"name":"(anonymous_3)","decl":{"start":{"line":16,"column":4},"end":{"line":16,"column":5}},"loc":{"start":{"line":17,"column":6},"end":{"line":17,"column":73}},"line":17},"4":{"name":"(anonymous_4)","decl":{"start":{"line":21,"column":38},"end":{"line":21,"column":39}},"loc":{"start":{"line":22,"column":2},"end":{"line":26,"column":3}},"line":22},"5":{"name":"(anonymous_5)","decl":{"start":{"line":23,"column":4},"end":{"line":23,"column":5}},"loc":{"start":{"line":24,"column":6},"end":{"line":24,"column":67}},"line":24}},"branchMap":{"0":{"loc":{"start":{"line":10,"column":6},"end":{"line":10,"column":61}},"type":"cond-expr","locations":[{"start":{"line":10,"column":36},"end":{"line":10,"column":54}},{"start":{"line":10,"column":57},"end":{"line":10,"column":61}}],"line":10},"1":{"loc":{"start":{"line":17,"column":6},"end":{"line":17,"column":73}},"type":"cond-expr","locations":[{"start":{"line":17,"column":40},"end":{"line":17,"column":62}},{"start":{"line":17,"column":65},"end":{"line":17,"column":73}}],"line":17},"2":{"loc":{"start":{"line":24,"column":6},"end":{"line":24,"column":67}},"type":"cond-expr","locations":[{"start":{"line":24,"column":38},"end":{"line":24,"column":58}},{"start":{"line":24,"column":61},"end":{"line":24,"column":67}}],"line":24}},"s":{"0":5,"1":5,"2":13,"3":6,"4":5,"5":13,"6":6,"7":5,"8":13,"9":6},"f":{"0":13,"1":6,"2":13,"3":6,"4":13,"5":6},"b":{"0":[2,4],"1":[2,4],"2":[2,4]},"_coverageSchema":"1a1c01bbd47fc00a2c39e90264f33305004495a9","hash":"6216d55c2834367af079f9e19e00972b03e4e604"}
}
