TN:
SF:src/battle.js
FN:7,(anonymous_0)
FN:15,(anonymous_1)
FN:23,(anonymous_2)
FN:31,(anonymous_3)
FN:44,(anonymous_4)
FN:47,(anonymous_5)
FN:50,(anonymous_6)
FN:61,(anonymous_7)
FN:63,(anonymous_8)
FNF:9
FNH:9
FNDA:12,(anonymous_0)
FNDA:12,(anonymous_1)
FNDA:12,(anonymous_2)
FNDA:12,(anonymous_3)
FNDA:17,(anonymous_4)
FNDA:6,(anonymous_5)
FNDA:6,(anonymous_6)
FNDA:20,(anonymous_7)
FNDA:6,(anonymous_8)
DA:7,5
DA:8,12
DA:9,12
DA:10,12
DA:12,12
DA:15,5
DA:16,12
DA:17,12
DA:18,12
DA:20,12
DA:23,5
DA:24,12
DA:25,12
DA:26,12
DA:28,12
DA:31,5
DA:32,12
DA:33,12
DA:34,12
DA:36,12
DA:44,5
DA:45,17
DA:47,5
DA:48,6
DA:50,5
DA:51,6
DA:53,6
DA:55,6
DA:61,20
DA:63,5
DA:64,6
DA:65,6
DA:67,6
DA:68,5
DA:69,4
DA:71,3
DA:73,3
DA:74,6
DA:75,2
DA:77,6
DA:80,3
LF:41
LH:41
BRDA:12,0,0,12
BRDA:12,0,1,12
BRDA:20,1,0,12
BRDA:20,1,1,12
BRDA:48,2,0,6
BRDA:48,2,1,2
BRDA:51,3,0,0
BRDA:51,3,1,6
BRDA:57,4,0,5
BRDA:57,4,1,1
BRDA:67,5,0,1
BRDA:67,5,1,5
BRDA:68,6,0,1
BRDA:68,6,1,4
BRDA:69,7,0,1
BRDA:69,7,1,3
BRDA:73,8,0,9
BRDA:73,8,1,8
BRDA:74,9,0,4
BRDA:74,9,1,2
BRDA:80,10,0,2
BRDA:80,10,1,1
BRF:22
BRH:21
end_of_record
TN:
SF:src/index.js
FNF:0
FNH:0
LF:0
LH:0
BRF:0
BRH:0
end_of_record
TN:
SF:src/item.js
FN:7,(anonymous_0)
FN:9,(anonymous_1)
FN:14,(anonymous_2)
FN:16,(anonymous_3)
FN:21,(anonymous_4)
FN:23,(anonymous_5)
FNF:6
FNH:6
FNDA:13,(anonymous_0)
FNDA:6,(anonymous_1)
FNDA:13,(anonymous_2)
FNDA:6,(anonymous_3)
FNDA:13,(anonymous_4)
FNDA:6,(anonymous_5)
DA:1,5
DA:7,5
DA:8,13
DA:10,6
DA:14,5
DA:15,13
DA:17,6
DA:21,5
DA:22,13
DA:24,6
LF:10
LH:10
BRDA:10,0,0,2
BRDA:10,0,1,4
BRDA:17,1,0,2
BRDA:17,1,1,4
BRDA:24,2,0,2
BRDA:24,2,1,4
BRF:6
BRH:6
end_of_record
